--------------------------
2018/12/6 13:31:59 错误信息:No connection is available to service this operation: HGETALL tfbn5ldk110mklqt24nxjuss
调用堆栈:   在 StackExchange.Redis.ConnectionMultiplexer.ExecuteSyncImpl[T](Message message, ResultProcessor`1 processor, ServerEndPoint server) 位置 c:\TeamCity\buildAgent\work\3ae0647004edff78\StackExchange.Redis\StackExchange\Redis\ConnectionMultiplexer.cs:行号 1927
   在 StackExchange.Redis.RedisBase.ExecuteSync[T](Message message, ResultProcessor`1 processor, ServerEndPoint server) 位置 c:\TeamCity\buildAgent\work\3ae0647004edff78\StackExchange.Redis\StackExchange\Redis\RedisBase.cs:行号 80
   在 StackExchange.Redis.RedisDatabase.HashGetAll(RedisKey key, CommandFlags flags) 位置 c:\TeamCity\buildAgent\work\3ae0647004edff78\StackExchange.Redis\StackExchange\Redis\RedisDatabase.cs:行号 132
   在 RedisSessionProvider.RedisSessionStateStoreProvider.GetItemFromRedis(String redisKey, HttpContextBase context, TimeSpan expirationTimeout)
--------------------------
2018/12/6 13:31:59 错误信息:发生一个或多个错误。
调用堆栈:   在 System.Threading.Tasks.Task.ThrowIfExceptional(Boolean includeTaskCanceledExceptions)
   在 System.Threading.Tasks.Task.Wait(Int32 millisecondsTimeout, CancellationToken cancellationToken)
   在 System.Threading.Tasks.Task.Wait()
   在 Gemstar.BSPMS.Hotel.Web.Models.CurrentInfoSession.LoadValues() 位置 D:\work\Pos\Gemstar.BSPMS.Hotel.Web\Models\CurrentInfoSession.cs:行号 305
内部异常错误信息：No connection is available to service this operation: GET Sessiontfbn5ldk110mklqt24nxjussValueKey
--------------------------
2018/12/6 14:11:47 错误信息:No connection is available to service this operation: HGETALL tfbn5ldk110mklqt24nxjuss
调用堆栈:   在 StackExchange.Redis.ConnectionMultiplexer.ExecuteSyncImpl[T](Message message, ResultProcessor`1 processor, ServerEndPoint server) 位置 c:\TeamCity\buildAgent\work\3ae0647004edff78\StackExchange.Redis\StackExchange\Redis\ConnectionMultiplexer.cs:行号 1927
   在 StackExchange.Redis.RedisBase.ExecuteSync[T](Message message, ResultProcessor`1 processor, ServerEndPoint server) 位置 c:\TeamCity\buildAgent\work\3ae0647004edff78\StackExchange.Redis\StackExchange\Redis\RedisBase.cs:行号 80
   在 StackExchange.Redis.RedisDatabase.HashGetAll(RedisKey key, CommandFlags flags) 位置 c:\TeamCity\buildAgent\work\3ae0647004edff78\StackExchange.Redis\StackExchange\Redis\RedisDatabase.cs:行号 132
   在 RedisSessionProvider.RedisSessionStateStoreProvider.GetItemFromRedis(String redisKey, HttpContextBase context, TimeSpan expirationTimeout)
--------------------------
2018/12/6 14:11:48 错误信息:发生一个或多个错误。
调用堆栈:   在 System.Threading.Tasks.Task.ThrowIfExceptional(Boolean includeTaskCanceledExceptions)
   在 System.Threading.Tasks.Task.Wait(Int32 millisecondsTimeout, CancellationToken cancellationToken)
   在 System.Threading.Tasks.Task.Wait()
   在 Gemstar.BSPMS.Hotel.Web.Models.CurrentInfoSession.LoadValues() 位置 D:\work\Pos\Gemstar.BSPMS.Hotel.Web\Models\CurrentInfoSession.cs:行号 305
内部异常错误信息：SocketFailure on GET
--------------------------
2018/12/6 14:14:47 错误信息:No connection is available to service this operation: HGETALL tfbn5ldk110mklqt24nxjuss
调用堆栈:   在 StackExchange.Redis.ConnectionMultiplexer.ExecuteSyncImpl[T](Message message, ResultProcessor`1 processor, ServerEndPoint server) 位置 c:\TeamCity\buildAgent\work\3ae0647004edff78\StackExchange.Redis\StackExchange\Redis\ConnectionMultiplexer.cs:行号 1927
   在 StackExchange.Redis.RedisBase.ExecuteSync[T](Message message, ResultProcessor`1 processor, ServerEndPoint server) 位置 c:\TeamCity\buildAgent\work\3ae0647004edff78\StackExchange.Redis\StackExchange\Redis\RedisBase.cs:行号 80
   在 StackExchange.Redis.RedisDatabase.HashGetAll(RedisKey key, CommandFlags flags) 位置 c:\TeamCity\buildAgent\work\3ae0647004edff78\StackExchange.Redis\StackExchange\Redis\RedisDatabase.cs:行号 132
   在 RedisSessionProvider.RedisSessionStateStoreProvider.GetItemFromRedis(String redisKey, HttpContextBase context, TimeSpan expirationTimeout)
--------------------------
2018/12/6 14:14:48 错误信息:发生一个或多个错误。
调用堆栈:   在 System.Threading.Tasks.Task.ThrowIfExceptional(Boolean includeTaskCanceledExceptions)
   在 System.Threading.Tasks.Task.Wait(Int32 millisecondsTimeout, CancellationToken cancellationToken)
   在 System.Threading.Tasks.Task.Wait()
   在 Gemstar.BSPMS.Hotel.Web.Models.CurrentInfoSession.LoadValues() 位置 D:\work\Pos\Gemstar.BSPMS.Hotel.Web\Models\CurrentInfoSession.cs:行号 305
内部异常错误信息：SocketFailure on GET
--------------------------
2018/12/6 17:04:05 错误信息:Timeout performing HGETALL tfbn5ldk110mklqt24nxjuss, inst: 2, mgr: ExecuteSelect, err: never, queue: 3, qu: 0, qs: 3, qc: 0, wr: 0, wq: 0, in: 0, ar: 0, IOCP: (Busy=0,Free=1000,Min=4,Max=1000), WORKER: (Busy=2,Free=8189,Min=4,Max=8191), clientName: SNOW
调用堆栈:   在 StackExchange.Redis.ConnectionMultiplexer.ExecuteSyncImpl[T](Message message, ResultProcessor`1 processor, ServerEndPoint server) 位置 c:\TeamCity\buildAgent\work\3ae0647004edff78\StackExchange.Redis\StackExchange\Redis\ConnectionMultiplexer.cs:行号 1927
   在 StackExchange.Redis.RedisBase.ExecuteSync[T](Message message, ResultProcessor`1 processor, ServerEndPoint server) 位置 c:\TeamCity\buildAgent\work\3ae0647004edff78\StackExchange.Redis\StackExchange\Redis\RedisBase.cs:行号 80
   在 StackExchange.Redis.RedisDatabase.HashGetAll(RedisKey key, CommandFlags flags) 位置 c:\TeamCity\buildAgent\work\3ae0647004edff78\StackExchange.Redis\StackExchange\Redis\RedisDatabase.cs:行号 132
   在 RedisSessionProvider.RedisSessionStateStoreProvider.GetItemFromRedis(String redisKey, HttpContextBase context, TimeSpan expirationTimeout)
--------------------------
2018/12/6 17:05:12 错误信息:Timeout performing HGETALL tfbn5ldk110mklqt24nxjuss, inst: 1, mgr: ExecuteSelect, err: never, queue: 2, qu: 0, qs: 2, qc: 0, wr: 0, wq: 0, in: 0, ar: 0, IOCP: (Busy=0,Free=1000,Min=4,Max=1000), WORKER: (Busy=1,Free=8190,Min=4,Max=8191), clientName: SNOW
调用堆栈:   在 StackExchange.Redis.ConnectionMultiplexer.ExecuteSyncImpl[T](Message message, ResultProcessor`1 processor, ServerEndPoint server) 位置 c:\TeamCity\buildAgent\work\3ae0647004edff78\StackExchange.Redis\StackExchange\Redis\ConnectionMultiplexer.cs:行号 1927
   在 StackExchange.Redis.RedisBase.ExecuteSync[T](Message message, ResultProcessor`1 processor, ServerEndPoint server) 位置 c:\TeamCity\buildAgent\work\3ae0647004edff78\StackExchange.Redis\StackExchange\Redis\RedisBase.cs:行号 80
   在 StackExchange.Redis.RedisDatabase.HashGetAll(RedisKey key, CommandFlags flags) 位置 c:\TeamCity\buildAgent\work\3ae0647004edff78\StackExchange.Redis\StackExchange\Redis\RedisDatabase.cs:行号 132
   在 RedisSessionProvider.RedisSessionStateStoreProvider.GetItemFromRedis(String redisKey, HttpContextBase context, TimeSpan expirationTimeout)
--------------------------
2018/12/6 17:21:10 错误信息:Timeout performing HGETALL tfbn5ldk110mklqt24nxjuss, inst: 3, mgr: ExecuteSelect, err: never, queue: 4, qu: 0, qs: 4, qc: 0, wr: 0, wq: 0, in: 0, ar: 0, IOCP: (Busy=0,Free=1000,Min=4,Max=1000), WORKER: (Busy=3,Free=8188,Min=4,Max=8191), clientName: SNOW
调用堆栈:   在 StackExchange.Redis.ConnectionMultiplexer.ExecuteSyncImpl[T](Message message, ResultProcessor`1 processor, ServerEndPoint server) 位置 c:\TeamCity\buildAgent\work\3ae0647004edff78\StackExchange.Redis\StackExchange\Redis\ConnectionMultiplexer.cs:行号 1927
   在 StackExchange.Redis.RedisBase.ExecuteSync[T](Message message, ResultProcessor`1 processor, ServerEndPoint server) 位置 c:\TeamCity\buildAgent\work\3ae0647004edff78\StackExchange.Redis\StackExchange\Redis\RedisBase.cs:行号 80
   在 StackExchange.Redis.RedisDatabase.HashGetAll(RedisKey key, CommandFlags flags) 位置 c:\TeamCity\buildAgent\work\3ae0647004edff78\StackExchange.Redis\StackExchange\Redis\RedisDatabase.cs:行号 132
   在 RedisSessionProvider.RedisSessionStateStoreProvider.GetItemFromRedis(String redisKey, HttpContextBase context, TimeSpan expirationTimeout)
--------------------------
2018/12/6 17:21:10 错误信息:SocketFailure on HGETALL
调用堆栈:   在 StackExchange.Redis.ConnectionMultiplexer.ExecuteSyncImpl[T](Message message, ResultProcessor`1 processor, ServerEndPoint server) 位置 c:\TeamCity\buildAgent\work\3ae0647004edff78\StackExchange.Redis\StackExchange\Redis\ConnectionMultiplexer.cs:行号 1935
   在 StackExchange.Redis.RedisBase.ExecuteSync[T](Message message, ResultProcessor`1 processor, ServerEndPoint server) 位置 c:\TeamCity\buildAgent\work\3ae0647004edff78\StackExchange.Redis\StackExchange\Redis\RedisBase.cs:行号 80
   在 StackExchange.Redis.RedisDatabase.HashGetAll(RedisKey key, CommandFlags flags) 位置 c:\TeamCity\buildAgent\work\3ae0647004edff78\StackExchange.Redis\StackExchange\Redis\RedisDatabase.cs:行号 132
   在 RedisSessionProvider.RedisSessionStateStoreProvider.GetItemFromRedis(String redisKey, HttpContextBase context, TimeSpan expirationTimeout)
--------------------------
2018/12/6 17:21:11 错误信息:发生一个或多个错误。
调用堆栈:   在 System.Threading.Tasks.Task.ThrowIfExceptional(Boolean includeTaskCanceledExceptions)
   在 System.Threading.Tasks.Task.Wait(Int32 millisecondsTimeout, CancellationToken cancellationToken)
   在 System.Threading.Tasks.Task.Wait()
   在 Gemstar.BSPMS.Hotel.Web.Models.CurrentInfoSession.LoadValues() 位置 D:\work\Pos\Gemstar.BSPMS.Hotel.Web\Models\CurrentInfoSession.cs:行号 305
内部异常错误信息：SocketFailure on GET
--------------------------
2018/12/6 17:22:28 错误信息:Timeout performing HGETALL tfbn5ldk110mklqt24nxjuss, inst: 1, mgr: ExecuteSelect, err: never, queue: 2, qu: 0, qs: 2, qc: 0, wr: 0, wq: 0, in: 0, ar: 0, IOCP: (Busy=0,Free=1000,Min=4,Max=1000), WORKER: (Busy=1,Free=8190,Min=4,Max=8191), clientName: SNOW
调用堆栈:   在 StackExchange.Redis.ConnectionMultiplexer.ExecuteSyncImpl[T](Message message, ResultProcessor`1 processor, ServerEndPoint server) 位置 c:\TeamCity\buildAgent\work\3ae0647004edff78\StackExchange.Redis\StackExchange\Redis\ConnectionMultiplexer.cs:行号 1927
   在 StackExchange.Redis.RedisBase.ExecuteSync[T](Message message, ResultProcessor`1 processor, ServerEndPoint server) 位置 c:\TeamCity\buildAgent\work\3ae0647004edff78\StackExchange.Redis\StackExchange\Redis\RedisBase.cs:行号 80
   在 StackExchange.Redis.RedisDatabase.HashGetAll(RedisKey key, CommandFlags flags) 位置 c:\TeamCity\buildAgent\work\3ae0647004edff78\StackExchange.Redis\StackExchange\Redis\RedisDatabase.cs:行号 132
   在 RedisSessionProvider.RedisSessionStateStoreProvider.GetItemFromRedis(String redisKey, HttpContextBase context, TimeSpan expirationTimeout)
--------------------------
2018/12/6 17:22:29 错误信息:发生一个或多个错误。
调用堆栈:   在 System.Threading.Tasks.Task.ThrowIfExceptional(Boolean includeTaskCanceledExceptions)
   在 System.Threading.Tasks.Task.Wait(Int32 millisecondsTimeout, CancellationToken cancellationToken)
   在 System.Threading.Tasks.Task.Wait()
   在 Gemstar.BSPMS.Hotel.Web.Models.CurrentInfoSession.LoadValues() 位置 D:\work\Pos\Gemstar.BSPMS.Hotel.Web\Models\CurrentInfoSession.cs:行号 305
内部异常错误信息：SocketFailure on GET
--------------------------
2018/12/6 17:23:28 错误信息:Timeout performing HGETALL tfbn5ldk110mklqt24nxjuss, inst: 1, mgr: ExecuteSelect, err: never, queue: 2, qu: 0, qs: 2, qc: 0, wr: 0, wq: 0, in: 0, ar: 0, IOCP: (Busy=0,Free=1000,Min=4,Max=1000), WORKER: (Busy=1,Free=8190,Min=4,Max=8191), clientName: SNOW
调用堆栈:   在 StackExchange.Redis.ConnectionMultiplexer.ExecuteSyncImpl[T](Message message, ResultProcessor`1 processor, ServerEndPoint server) 位置 c:\TeamCity\buildAgent\work\3ae0647004edff78\StackExchange.Redis\StackExchange\Redis\ConnectionMultiplexer.cs:行号 1927
   在 StackExchange.Redis.RedisBase.ExecuteSync[T](Message message, ResultProcessor`1 processor, ServerEndPoint server) 位置 c:\TeamCity\buildAgent\work\3ae0647004edff78\StackExchange.Redis\StackExchange\Redis\RedisBase.cs:行号 80
   在 StackExchange.Redis.RedisDatabase.HashGetAll(RedisKey key, CommandFlags flags) 位置 c:\TeamCity\buildAgent\work\3ae0647004edff78\StackExchange.Redis\StackExchange\Redis\RedisDatabase.cs:行号 132
   在 RedisSessionProvider.RedisSessionStateStoreProvider.GetItemFromRedis(String redisKey, HttpContextBase context, TimeSpan expirationTimeout)
--------------------------
2018/12/6 17:23:29 错误信息:发生一个或多个错误。
调用堆栈:   在 System.Threading.Tasks.Task.ThrowIfExceptional(Boolean includeTaskCanceledExceptions)
   在 System.Threading.Tasks.Task.Wait(Int32 millisecondsTimeout, CancellationToken cancellationToken)
   在 System.Threading.Tasks.Task.Wait()
   在 Gemstar.BSPMS.Hotel.Web.Models.CurrentInfoSession.LoadValues() 位置 D:\work\Pos\Gemstar.BSPMS.Hotel.Web\Models\CurrentInfoSession.cs:行号 305
内部异常错误信息：SocketFailure on GET
--------------------------
2018/12/6 18:17:10 错误信息:Timeout performing HGETALL tfbn5ldk110mklqt24nxjuss, inst: 1, mgr: ExecuteSelect, err: never, queue: 4, qu: 0, qs: 4, qc: 0, wr: 0, wq: 0, in: 0, ar: 0, IOCP: (Busy=0,Free=1000,Min=4,Max=1000), WORKER: (Busy=3,Free=8188,Min=4,Max=8191), clientName: SNOW
调用堆栈:   在 StackExchange.Redis.ConnectionMultiplexer.ExecuteSyncImpl[T](Message message, ResultProcessor`1 processor, ServerEndPoint server) 位置 c:\TeamCity\buildAgent\work\3ae0647004edff78\StackExchange.Redis\StackExchange\Redis\ConnectionMultiplexer.cs:行号 1927
   在 StackExchange.Redis.RedisBase.ExecuteSync[T](Message message, ResultProcessor`1 processor, ServerEndPoint server) 位置 c:\TeamCity\buildAgent\work\3ae0647004edff78\StackExchange.Redis\StackExchange\Redis\RedisBase.cs:行号 80
   在 StackExchange.Redis.RedisDatabase.HashGetAll(RedisKey key, CommandFlags flags) 位置 c:\TeamCity\buildAgent\work\3ae0647004edff78\StackExchange.Redis\StackExchange\Redis\RedisDatabase.cs:行号 132
   在 RedisSessionProvider.RedisSessionStateStoreProvider.GetItemFromRedis(String redisKey, HttpContextBase context, TimeSpan expirationTimeout)
--------------------------
2018/12/6 18:19:10 错误信息:Timeout performing HGETALL tfbn5ldk110mklqt24nxjuss, inst: 3, mgr: ExecuteSelect, err: never, queue: 4, qu: 0, qs: 4, qc: 0, wr: 0, wq: 0, in: 0, ar: 0, IOCP: (Busy=0,Free=1000,Min=4,Max=1000), WORKER: (Busy=3,Free=8188,Min=4,Max=8191), clientName: SNOW
调用堆栈:   在 StackExchange.Redis.ConnectionMultiplexer.ExecuteSyncImpl[T](Message message, ResultProcessor`1 processor, ServerEndPoint server) 位置 c:\TeamCity\buildAgent\work\3ae0647004edff78\StackExchange.Redis\StackExchange\Redis\ConnectionMultiplexer.cs:行号 1927
   在 StackExchange.Redis.RedisBase.ExecuteSync[T](Message message, ResultProcessor`1 processor, ServerEndPoint server) 位置 c:\TeamCity\buildAgent\work\3ae0647004edff78\StackExchange.Redis\StackExchange\Redis\RedisBase.cs:行号 80
   在 StackExchange.Redis.RedisDatabase.HashGetAll(RedisKey key, CommandFlags flags) 位置 c:\TeamCity\buildAgent\work\3ae0647004edff78\StackExchange.Redis\StackExchange\Redis\RedisDatabase.cs:行号 132
   在 RedisSessionProvider.RedisSessionStateStoreProvider.GetItemFromRedis(String redisKey, HttpContextBase context, TimeSpan expirationTimeout)
--------------------------
2018/12/6 18:19:10 错误信息:SocketFailure on HGETALL
调用堆栈:   在 StackExchange.Redis.ConnectionMultiplexer.ExecuteSyncImpl[T](Message message, ResultProcessor`1 processor, ServerEndPoint server) 位置 c:\TeamCity\buildAgent\work\3ae0647004edff78\StackExchange.Redis\StackExchange\Redis\ConnectionMultiplexer.cs:行号 1935
   在 StackExchange.Redis.RedisBase.ExecuteSync[T](Message message, ResultProcessor`1 processor, ServerEndPoint server) 位置 c:\TeamCity\buildAgent\work\3ae0647004edff78\StackExchange.Redis\StackExchange\Redis\RedisBase.cs:行号 80
   在 StackExchange.Redis.RedisDatabase.HashGetAll(RedisKey key, CommandFlags flags) 位置 c:\TeamCity\buildAgent\work\3ae0647004edff78\StackExchange.Redis\StackExchange\Redis\RedisDatabase.cs:行号 132
   在 RedisSessionProvider.RedisSessionStateStoreProvider.GetItemFromRedis(String redisKey, HttpContextBase context, TimeSpan expirationTimeout)
