--------------------------
2019/2/13 10:08:08 错误信息:No connection is available to service this operation: HGETALL wzruhbk00aalko1agw5vg2ho
调用堆栈:   在 StackExchange.Redis.ConnectionMultiplexer.ExecuteSyncImpl[T](Message message, ResultProcessor`1 processor, ServerEndPoint server) 位置 c:\TeamCity\buildAgent\work\3ae0647004edff78\StackExchange.Redis\StackExchange\Redis\ConnectionMultiplexer.cs:行号 1927
   在 StackExchange.Redis.RedisBase.ExecuteSync[T](Message message, ResultProcessor`1 processor, ServerEndPoint server) 位置 c:\TeamCity\buildAgent\work\3ae0647004edff78\StackExchange.Redis\StackExchange\Redis\RedisBase.cs:行号 80
   在 StackExchange.Redis.RedisDatabase.HashGetAll(RedisKey key, CommandFlags flags) 位置 c:\TeamCity\buildAgent\work\3ae0647004edff78\StackExchange.Redis\StackExchange\Redis\RedisDatabase.cs:行号 132
   在 RedisSessionProvider.RedisSessionStateStoreProvider.GetItemFromRedis(String redisKey, HttpContextBase context, TimeSpan expirationTimeout)
--------------------------
2019/2/13 10:08:12 错误信息:发生一个或多个错误。
调用堆栈:   在 System.Threading.Tasks.Task.ThrowIfExceptional(Boolean includeTaskCanceledExceptions)
   在 System.Threading.Tasks.Task.Wait(Int32 millisecondsTimeout, CancellationToken cancellationToken)
   在 System.Threading.Tasks.Task.Wait()
   在 Gemstar.BSPMS.Hotel.Web.Models.CurrentInfoSession.LoadValues() 位置 D:\work\Pos\Gemstar.BSPMS.Hotel.Web\Models\CurrentInfoSession.cs:行号 305
内部异常错误信息：No connection is available to service this operation: GET Sessionwzruhbk00aalko1agw5vg2hoValueKey
--------------------------
2019/2/13 10:08:13 错误信息:发生一个或多个错误。
调用堆栈:   在 System.Threading.Tasks.Task.ThrowIfExceptional(Boolean includeTaskCanceledExceptions)
   在 System.Threading.Tasks.Task.Wait(Int32 millisecondsTimeout, CancellationToken cancellationToken)
   在 System.Threading.Tasks.Task.Wait()
   在 Gemstar.BSPMS.Hotel.Web.Models.CurrentInfoSession.LoadValues() 位置 D:\work\Pos\Gemstar.BSPMS.Hotel.Web\Models\CurrentInfoSession.cs:行号 305
内部异常错误信息：No connection is available to service this operation: GET Sessionwzruhbk00aalko1agw5vg2hoValueKey
--------------------------
2019/2/13 13:29:39 错误信息:SocketFailure on HGETALL
调用堆栈:   在 StackExchange.Redis.ConnectionMultiplexer.ExecuteSyncImpl[T](Message message, ResultProcessor`1 processor, ServerEndPoint server) 位置 c:\TeamCity\buildAgent\work\3ae0647004edff78\StackExchange.Redis\StackExchange\Redis\ConnectionMultiplexer.cs:行号 1935
   在 StackExchange.Redis.RedisBase.ExecuteSync[T](Message message, ResultProcessor`1 processor, ServerEndPoint server) 位置 c:\TeamCity\buildAgent\work\3ae0647004edff78\StackExchange.Redis\StackExchange\Redis\RedisBase.cs:行号 80
   在 StackExchange.Redis.RedisDatabase.HashGetAll(RedisKey key, CommandFlags flags) 位置 c:\TeamCity\buildAgent\work\3ae0647004edff78\StackExchange.Redis\StackExchange\Redis\RedisDatabase.cs:行号 132
   在 RedisSessionProvider.RedisSessionStateStoreProvider.GetItemFromRedis(String redisKey, HttpContextBase context, TimeSpan expirationTimeout)
--------------------------
2019/2/13 13:29:39 错误信息:发生一个或多个错误。
调用堆栈:   在 System.Threading.Tasks.Task.ThrowIfExceptional(Boolean includeTaskCanceledExceptions)
   在 System.Threading.Tasks.Task.Wait(Int32 millisecondsTimeout, CancellationToken cancellationToken)
   在 System.Threading.Tasks.Task.Wait()
   在 Gemstar.BSPMS.Hotel.Web.Models.CurrentInfoSession.LoadValues() 位置 D:\work\Pos\Gemstar.BSPMS.Hotel.Web\Models\CurrentInfoSession.cs:行号 305
内部异常错误信息：SocketFailure on GET
--------------------------
2019/2/13 13:29:49 错误信息:发生一个或多个错误。
调用堆栈:   在 System.Threading.Tasks.Task.ThrowIfExceptional(Boolean includeTaskCanceledExceptions)
   在 System.Threading.Tasks.Task.Wait(Int32 millisecondsTimeout, CancellationToken cancellationToken)
   在 System.Threading.Tasks.Task.Wait()
   在 Gemstar.BSPMS.Hotel.Web.Models.CurrentInfoSession.LoadValues() 位置 D:\work\Pos\Gemstar.BSPMS.Hotel.Web\Models\CurrentInfoSession.cs:行号 305
内部异常错误信息：No connection is available to service this operation: GET Sessionwzruhbk00aalko1agw5vg2hoValueKey
