--------------------------
2019/3/7 9:24:23 错误信息:Timeout performing HGETALL h03sxoxdfnff5ul3bu3yytwh, inst: 1, mgr: ExecuteSelect, err: never, queue: 2, qu: 0, qs: 2, qc: 0, wr: 0, wq: 0, in: 0, ar: 0, IOCP: (Busy=0,Free=1000,Min=4,Max=1000), WORKER: (Busy=1,Free=8190,Min=4,Max=8191), clientName: SNOW
调用堆栈:   在 StackExchange.Redis.ConnectionMultiplexer.ExecuteSyncImpl[T](Message message, ResultProcessor`1 processor, ServerEndPoint server) 位置 c:\TeamCity\buildAgent\work\3ae0647004edff78\StackExchange.Redis\StackExchange\Redis\ConnectionMultiplexer.cs:行号 1927
   在 StackExchange.Redis.RedisBase.ExecuteSync[T](Message message, ResultProcessor`1 processor, ServerEndPoint server) 位置 c:\TeamCity\buildAgent\work\3ae0647004edff78\StackExchange.Redis\StackExchange\Redis\RedisBase.cs:行号 80
   在 StackExchange.Redis.RedisDatabase.HashGetAll(RedisKey key, CommandFlags flags) 位置 c:\TeamCity\buildAgent\work\3ae0647004edff78\StackExchange.Redis\StackExchange\Redis\RedisDatabase.cs:行号 132
   在 RedisSessionProvider.RedisSessionStateStoreProvider.GetItemFromRedis(String redisKey, HttpContextBase context, TimeSpan expirationTimeout)
--------------------------
2019/3/7 9:52:32 错误信息:Timeout performing HGETALL h03sxoxdfnff5ul3bu3yytwh, inst: 1, mgr: RecordConnectionFailed_OnDisconnected, err: never, queue: 0, qu: 0, qs: 0, qc: 0, wr: 0, wq: 0, in: 0, ar: 0, IOCP: (Busy=0,Free=1000,Min=4,Max=1000), WORKER: (Busy=1,Free=8190,Min=4,Max=8191), clientName: SNOW
调用堆栈:   在 StackExchange.Redis.ConnectionMultiplexer.ExecuteSyncImpl[T](Message message, ResultProcessor`1 processor, ServerEndPoint server) 位置 c:\TeamCity\buildAgent\work\3ae0647004edff78\StackExchange.Redis\StackExchange\Redis\ConnectionMultiplexer.cs:行号 1927
   在 StackExchange.Redis.RedisBase.ExecuteSync[T](Message message, ResultProcessor`1 processor, ServerEndPoint server) 位置 c:\TeamCity\buildAgent\work\3ae0647004edff78\StackExchange.Redis\StackExchange\Redis\RedisBase.cs:行号 80
   在 StackExchange.Redis.RedisDatabase.HashGetAll(RedisKey key, CommandFlags flags) 位置 c:\TeamCity\buildAgent\work\3ae0647004edff78\StackExchange.Redis\StackExchange\Redis\RedisDatabase.cs:行号 132
   在 RedisSessionProvider.RedisSessionStateStoreProvider.GetItemFromRedis(String redisKey, HttpContextBase context, TimeSpan expirationTimeout)
--------------------------
2019/3/7 9:52:32 错误信息:发生一个或多个错误。
调用堆栈:   在 System.Threading.Tasks.Task.ThrowIfExceptional(Boolean includeTaskCanceledExceptions)
   在 System.Threading.Tasks.Task.Wait(Int32 millisecondsTimeout, CancellationToken cancellationToken)
   在 System.Threading.Tasks.Task.Wait()
   在 Gemstar.BSPMS.Hotel.Web.Models.CurrentInfoSession.LoadValues() 位置 D:\work\Pos\Gemstar.BSPMS.Hotel.Web\Models\CurrentInfoSession.cs:行号 305
内部异常错误信息：No connection is available to service this operation: GET Sessionh03sxoxdfnff5ul3bu3yytwhValueKey
--------------------------
2019/3/7 14:16:28 错误信息:Timeout performing HGETALL esijwdkaypbyo5lg02yt4swy, inst: 1, mgr: ExecuteSelect, err: never, queue: 2, qu: 0, qs: 2, qc: 0, wr: 0, wq: 0, in: 0, ar: 0, IOCP: (Busy=0,Free=1000,Min=4,Max=1000), WORKER: (Busy=1,Free=8190,Min=4,Max=8191), clientName: SNOW
调用堆栈:   在 StackExchange.Redis.ConnectionMultiplexer.ExecuteSyncImpl[T](Message message, ResultProcessor`1 processor, ServerEndPoint server) 位置 c:\TeamCity\buildAgent\work\3ae0647004edff78\StackExchange.Redis\StackExchange\Redis\ConnectionMultiplexer.cs:行号 1927
   在 StackExchange.Redis.RedisBase.ExecuteSync[T](Message message, ResultProcessor`1 processor, ServerEndPoint server) 位置 c:\TeamCity\buildAgent\work\3ae0647004edff78\StackExchange.Redis\StackExchange\Redis\RedisBase.cs:行号 80
   在 StackExchange.Redis.RedisDatabase.HashGetAll(RedisKey key, CommandFlags flags) 位置 c:\TeamCity\buildAgent\work\3ae0647004edff78\StackExchange.Redis\StackExchange\Redis\RedisDatabase.cs:行号 132
   在 RedisSessionProvider.RedisSessionStateStoreProvider.GetItemFromRedis(String redisKey, HttpContextBase context, TimeSpan expirationTimeout)
--------------------------
2019/3/7 14:16:29 错误信息:发生一个或多个错误。
调用堆栈:   在 System.Threading.Tasks.Task.ThrowIfExceptional(Boolean includeTaskCanceledExceptions)
   在 System.Threading.Tasks.Task.Wait(Int32 millisecondsTimeout, CancellationToken cancellationToken)
   在 System.Threading.Tasks.Task.Wait()
   在 Gemstar.BSPMS.Hotel.Web.Models.CurrentInfoSession.LoadValues() 位置 D:\work\Pos\Gemstar.BSPMS.Hotel.Web\Models\CurrentInfoSession.cs:行号 305
内部异常错误信息：SocketFailure on GET
--------------------------
2019/3/7 14:16:32 错误信息:No connection is available to service this operation: HGETALL esijwdkaypbyo5lg02yt4swy
调用堆栈:   在 StackExchange.Redis.ConnectionMultiplexer.ExecuteSyncImpl[T](Message message, ResultProcessor`1 processor, ServerEndPoint server) 位置 c:\TeamCity\buildAgent\work\3ae0647004edff78\StackExchange.Redis\StackExchange\Redis\ConnectionMultiplexer.cs:行号 1927
   在 StackExchange.Redis.RedisBase.ExecuteSync[T](Message message, ResultProcessor`1 processor, ServerEndPoint server) 位置 c:\TeamCity\buildAgent\work\3ae0647004edff78\StackExchange.Redis\StackExchange\Redis\RedisBase.cs:行号 80
   在 StackExchange.Redis.RedisDatabase.HashGetAll(RedisKey key, CommandFlags flags) 位置 c:\TeamCity\buildAgent\work\3ae0647004edff78\StackExchange.Redis\StackExchange\Redis\RedisDatabase.cs:行号 132
   在 RedisSessionProvider.RedisSessionStateStoreProvider.GetItemFromRedis(String redisKey, HttpContextBase context, TimeSpan expirationTimeout)
--------------------------
2019/3/7 15:16:27 错误信息:Timeout performing HGETALL esijwdkaypbyo5lg02yt4swy, inst: 1, mgr: ExecuteSelect, err: never, queue: 2, qu: 0, qs: 2, qc: 0, wr: 0, wq: 0, in: 0, ar: 0, IOCP: (Busy=0,Free=1000,Min=4,Max=1000), WORKER: (Busy=1,Free=8190,Min=4,Max=8191), clientName: SNOW
调用堆栈:   在 StackExchange.Redis.ConnectionMultiplexer.ExecuteSyncImpl[T](Message message, ResultProcessor`1 processor, ServerEndPoint server) 位置 c:\TeamCity\buildAgent\work\3ae0647004edff78\StackExchange.Redis\StackExchange\Redis\ConnectionMultiplexer.cs:行号 1927
   在 StackExchange.Redis.RedisBase.ExecuteSync[T](Message message, ResultProcessor`1 processor, ServerEndPoint server) 位置 c:\TeamCity\buildAgent\work\3ae0647004edff78\StackExchange.Redis\StackExchange\Redis\RedisBase.cs:行号 80
   在 StackExchange.Redis.RedisDatabase.HashGetAll(RedisKey key, CommandFlags flags) 位置 c:\TeamCity\buildAgent\work\3ae0647004edff78\StackExchange.Redis\StackExchange\Redis\RedisDatabase.cs:行号 132
   在 RedisSessionProvider.RedisSessionStateStoreProvider.GetItemFromRedis(String redisKey, HttpContextBase context, TimeSpan expirationTimeout)
--------------------------
2019/3/7 15:16:29 错误信息:发生一个或多个错误。
调用堆栈:   在 System.Threading.Tasks.Task.ThrowIfExceptional(Boolean includeTaskCanceledExceptions)
   在 System.Threading.Tasks.Task.Wait(Int32 millisecondsTimeout, CancellationToken cancellationToken)
   在 System.Threading.Tasks.Task.Wait()
   在 Gemstar.BSPMS.Hotel.Web.Models.CurrentInfoSession.LoadValues() 位置 D:\work\Pos\Gemstar.BSPMS.Hotel.Web\Models\CurrentInfoSession.cs:行号 305
内部异常错误信息：SocketFailure on GET
--------------------------
2019/3/7 15:25:47 错误信息:Timeout performing HGETALL esijwdkaypbyo5lg02yt4swy, inst: 1, mgr: ExecuteSelect, err: never, queue: 2, qu: 0, qs: 2, qc: 0, wr: 0, wq: 0, in: 0, ar: 0, IOCP: (Busy=0,Free=1000,Min=4,Max=1000), WORKER: (Busy=1,Free=8190,Min=4,Max=8191), clientName: SNOW
调用堆栈:   在 StackExchange.Redis.ConnectionMultiplexer.ExecuteSyncImpl[T](Message message, ResultProcessor`1 processor, ServerEndPoint server) 位置 c:\TeamCity\buildAgent\work\3ae0647004edff78\StackExchange.Redis\StackExchange\Redis\ConnectionMultiplexer.cs:行号 1927
   在 StackExchange.Redis.RedisBase.ExecuteSync[T](Message message, ResultProcessor`1 processor, ServerEndPoint server) 位置 c:\TeamCity\buildAgent\work\3ae0647004edff78\StackExchange.Redis\StackExchange\Redis\RedisBase.cs:行号 80
   在 StackExchange.Redis.RedisDatabase.HashGetAll(RedisKey key, CommandFlags flags) 位置 c:\TeamCity\buildAgent\work\3ae0647004edff78\StackExchange.Redis\StackExchange\Redis\RedisDatabase.cs:行号 132
   在 RedisSessionProvider.RedisSessionStateStoreProvider.GetItemFromRedis(String redisKey, HttpContextBase context, TimeSpan expirationTimeout)
--------------------------
2019/3/7 15:25:48 错误信息:发生一个或多个错误。
调用堆栈:   在 System.Threading.Tasks.Task.ThrowIfExceptional(Boolean includeTaskCanceledExceptions)
   在 System.Threading.Tasks.Task.Wait(Int32 millisecondsTimeout, CancellationToken cancellationToken)
   在 System.Threading.Tasks.Task.Wait()
   在 Gemstar.BSPMS.Hotel.Web.Models.CurrentInfoSession.LoadValues() 位置 D:\work\Pos\Gemstar.BSPMS.Hotel.Web\Models\CurrentInfoSession.cs:行号 305
内部异常错误信息：SocketFailure on GET
--------------------------
2019/3/7 15:25:50 错误信息:发生一个或多个错误。
调用堆栈:   在 System.Threading.Tasks.Task.ThrowIfExceptional(Boolean includeTaskCanceledExceptions)
   在 System.Threading.Tasks.Task.Wait(Int32 millisecondsTimeout, CancellationToken cancellationToken)
   在 System.Threading.Tasks.Task.Wait()
   在 Gemstar.BSPMS.Hotel.Web.Models.CurrentInfoSession.LoadValues() 位置 D:\work\Pos\Gemstar.BSPMS.Hotel.Web\Models\CurrentInfoSession.cs:行号 305
内部异常错误信息：SocketFailure on GET
--------------------------
2019/3/7 15:27:33 错误信息:Timeout performing HGETALL esijwdkaypbyo5lg02yt4swy, inst: 1, mgr: ExecuteSelect, err: never, queue: 2, qu: 0, qs: 2, qc: 0, wr: 0, wq: 0, in: 0, ar: 0, IOCP: (Busy=0,Free=1000,Min=4,Max=1000), WORKER: (Busy=1,Free=8190,Min=4,Max=8191), clientName: SNOW
调用堆栈:   在 StackExchange.Redis.ConnectionMultiplexer.ExecuteSyncImpl[T](Message message, ResultProcessor`1 processor, ServerEndPoint server) 位置 c:\TeamCity\buildAgent\work\3ae0647004edff78\StackExchange.Redis\StackExchange\Redis\ConnectionMultiplexer.cs:行号 1927
   在 StackExchange.Redis.RedisBase.ExecuteSync[T](Message message, ResultProcessor`1 processor, ServerEndPoint server) 位置 c:\TeamCity\buildAgent\work\3ae0647004edff78\StackExchange.Redis\StackExchange\Redis\RedisBase.cs:行号 80
   在 StackExchange.Redis.RedisDatabase.HashGetAll(RedisKey key, CommandFlags flags) 位置 c:\TeamCity\buildAgent\work\3ae0647004edff78\StackExchange.Redis\StackExchange\Redis\RedisDatabase.cs:行号 132
   在 RedisSessionProvider.RedisSessionStateStoreProvider.GetItemFromRedis(String redisKey, HttpContextBase context, TimeSpan expirationTimeout)
--------------------------
2019/3/7 15:50:50 错误信息:发生一个或多个错误。
调用堆栈:   在 System.Threading.Tasks.Task.ThrowIfExceptional(Boolean includeTaskCanceledExceptions)
   在 System.Threading.Tasks.Task.Wait(Int32 millisecondsTimeout, CancellationToken cancellationToken)
   在 System.Threading.Tasks.Task.Wait()
   在 Gemstar.BSPMS.Hotel.Web.Models.CurrentInfoSession.LoadValues() 位置 D:\work\Pos\Gemstar.BSPMS.Hotel.Web\Models\CurrentInfoSession.cs:行号 305
内部异常错误信息：SocketFailure on GET
--------------------------
2019/3/7 16:38:51 错误信息:Timeout performing HGETALL esijwdkaypbyo5lg02yt4swy, inst: 1, mgr: ExecuteSelect, err: never, queue: 2, qu: 0, qs: 2, qc: 0, wr: 0, wq: 0, in: 0, ar: 0, IOCP: (Busy=0,Free=1000,Min=4,Max=1000), WORKER: (Busy=1,Free=8190,Min=4,Max=8191), clientName: SNOW
调用堆栈:   在 StackExchange.Redis.ConnectionMultiplexer.ExecuteSyncImpl[T](Message message, ResultProcessor`1 processor, ServerEndPoint server) 位置 c:\TeamCity\buildAgent\work\3ae0647004edff78\StackExchange.Redis\StackExchange\Redis\ConnectionMultiplexer.cs:行号 1927
   在 StackExchange.Redis.RedisBase.ExecuteSync[T](Message message, ResultProcessor`1 processor, ServerEndPoint server) 位置 c:\TeamCity\buildAgent\work\3ae0647004edff78\StackExchange.Redis\StackExchange\Redis\RedisBase.cs:行号 80
   在 StackExchange.Redis.RedisDatabase.HashGetAll(RedisKey key, CommandFlags flags) 位置 c:\TeamCity\buildAgent\work\3ae0647004edff78\StackExchange.Redis\StackExchange\Redis\RedisDatabase.cs:行号 132
   在 RedisSessionProvider.RedisSessionStateStoreProvider.GetItemFromRedis(String redisKey, HttpContextBase context, TimeSpan expirationTimeout)
--------------------------
2019/3/7 16:38:52 错误信息:发生一个或多个错误。
调用堆栈:   在 System.Threading.Tasks.Task.ThrowIfExceptional(Boolean includeTaskCanceledExceptions)
   在 System.Threading.Tasks.Task.Wait(Int32 millisecondsTimeout, CancellationToken cancellationToken)
   在 System.Threading.Tasks.Task.Wait()
   在 Gemstar.BSPMS.Hotel.Web.Models.CurrentInfoSession.LoadValues() 位置 D:\work\Pos\Gemstar.BSPMS.Hotel.Web\Models\CurrentInfoSession.cs:行号 305
内部异常错误信息：SocketFailure on GET
--------------------------
2019/3/7 18:38:12 错误信息:发生一个或多个错误。
调用堆栈:   在 System.Threading.Tasks.Task.ThrowIfExceptional(Boolean includeTaskCanceledExceptions)
   在 System.Threading.Tasks.Task.Wait(Int32 millisecondsTimeout, CancellationToken cancellationToken)
   在 System.Threading.Tasks.Task.Wait()
   在 Gemstar.BSPMS.Hotel.Web.Models.CurrentInfoSession.LoadValues() 位置 D:\work\Pos\Gemstar.BSPMS.Hotel.Web\Models\CurrentInfoSession.cs:行号 305
内部异常错误信息：No connection is available to service this operation: GET Session0fkvqrg1zvbzirmrpqzkth13ValueKey
--------------------------
2019/3/7 19:34:13 错误信息:Timeout performing HGETALL 0fkvqrg1zvbzirmrpqzkth13, inst: 1, mgr: ExecuteSelect, err: never, queue: 4, qu: 0, qs: 4, qc: 0, wr: 0, wq: 0, in: 0, ar: 0, IOCP: (Busy=0,Free=1000,Min=4,Max=1000), WORKER: (Busy=2,Free=8189,Min=4,Max=8191), clientName: SNOW
调用堆栈:   在 StackExchange.Redis.ConnectionMultiplexer.ExecuteSyncImpl[T](Message message, ResultProcessor`1 processor, ServerEndPoint server) 位置 c:\TeamCity\buildAgent\work\3ae0647004edff78\StackExchange.Redis\StackExchange\Redis\ConnectionMultiplexer.cs:行号 1927
   在 StackExchange.Redis.RedisBase.ExecuteSync[T](Message message, ResultProcessor`1 processor, ServerEndPoint server) 位置 c:\TeamCity\buildAgent\work\3ae0647004edff78\StackExchange.Redis\StackExchange\Redis\RedisBase.cs:行号 80
   在 StackExchange.Redis.RedisDatabase.HashGetAll(RedisKey key, CommandFlags flags) 位置 c:\TeamCity\buildAgent\work\3ae0647004edff78\StackExchange.Redis\StackExchange\Redis\RedisDatabase.cs:行号 132
   在 RedisSessionProvider.RedisSessionStateStoreProvider.GetItemFromRedis(String redisKey, HttpContextBase context, TimeSpan expirationTimeout)
--------------------------
2019/3/7 19:34:14 错误信息:发生一个或多个错误。
调用堆栈:   在 System.Threading.Tasks.Task.ThrowIfExceptional(Boolean includeTaskCanceledExceptions)
   在 System.Threading.Tasks.Task.Wait(Int32 millisecondsTimeout, CancellationToken cancellationToken)
   在 System.Threading.Tasks.Task.Wait()
   在 Gemstar.BSPMS.Hotel.Web.Models.CurrentInfoSession.LoadValues() 位置 D:\work\Pos\Gemstar.BSPMS.Hotel.Web\Models\CurrentInfoSession.cs:行号 305
内部异常错误信息：SocketFailure on GET
--------------------------
2019/3/7 19:35:07 错误信息:发生一个或多个错误。
调用堆栈:   在 System.Threading.Tasks.Task.ThrowIfExceptional(Boolean includeTaskCanceledExceptions)
   在 System.Threading.Tasks.Task.Wait(Int32 millisecondsTimeout, CancellationToken cancellationToken)
   在 System.Threading.Tasks.Task.Wait()
   在 Gemstar.BSPMS.Hotel.Web.Models.CurrentInfoSession.LoadValues() 位置 D:\work\Pos\Gemstar.BSPMS.Hotel.Web\Models\CurrentInfoSession.cs:行号 305
内部异常错误信息：SocketFailure on GET
